\BOOKMARK [0][-]{chapter*.2}{\376\377\000D\000\351\000d\000i\000c\000a\000c\000e}{}% 1
\BOOKMARK [0][-]{chapter*.3}{\376\377\000R\000e\000m\000e\000r\000c\000i\000e\000m\000e\000n\000t\000s}{}% 2
\BOOKMARK [0][-]{chapter*.4}{\376\377\000R\000\351\000s\000u\000m\000\351}{}% 3
\BOOKMARK [0][-]{chapter*.5}{\376\377\000A\000b\000s\000t\000r\000a\000c\000t}{}% 4
\BOOKMARK [0][-]{section*.7}{\376\377\000T\000a\000b\000l\000e\000\040\000d\000e\000s\000\040\000m\000a\000t\000i\000\350\000r\000e\000s}{}% 5
\BOOKMARK [0][-]{section*.8}{\376\377\000T\000a\000b\000l\000e\000\040\000d\000e\000s\000\040\000f\000i\000g\000u\000r\000e\000s}{}% 6
\BOOKMARK [0][-]{section*.9}{\376\377\000L\000i\000s\000t\000e\000\040\000d\000e\000s\000\040\000t\000a\000b\000l\000e\000a\000u\000x}{}% 7
\BOOKMARK [0][-]{chapter*.10}{\376\377\000L\000i\000s\000t\000e\000\040\000d\000e\000s\000\040\000s\000i\000g\000l\000e\000s\000\040\000e\000t\000\040\000a\000c\000r\000o\000n\000y\000m\000e\000s}{}% 8
\BOOKMARK [0][-]{chapter*.11}{\376\377\000I\000n\000t\000r\000o\000d\000u\000c\000t\000i\000o\000n}{}% 9
\BOOKMARK [0][-]{chapter.1}{\376\377\000f\000k\000n\000z\000n\000e\000f\000k\000l\000j\000e\000b\000n\000g\000f\000l\000k\000j\000e\000n}{}% 10
\BOOKMARK [1][-]{section*.12}{\376\377\000I\000n\000t\000r\000o\000d\000u\000c\000t\000i\000o\000n}{chapter.1}% 11
\BOOKMARK [1][-]{section.1.1}{\376\377\000-}{chapter.1}% 12
\BOOKMARK [1][-]{section.1.2}{\376\377\000-}{chapter.1}% 13
\BOOKMARK [1][-]{section.1.2}{\376\377\000C\000o\000n\000c\000l\000u\000s\000i\000o\000n}{chapter.1}% 14
\BOOKMARK [0][-]{chapter.2}{\376\377\000D\000e\000l\000t\000a\000\040\000L\000a\000k\000e}{}% 15
\BOOKMARK [1][-]{section*.13}{\376\377\000I\000n\000t\000r\000o\000d\000u\000c\000t\000i\000o\000n}{chapter.2}% 16
\BOOKMARK [1][-]{section*.13}{\376\377\000I\000n\000t\000r\000o\000d\000u\000c\000t\000i\000o\000n}{chapter.2}% 17
\BOOKMARK [1][-]{section.2.1}{\376\377\000D\000e\000f\000i\000n\000i\000t\000i\000o\000n}{chapter.2}% 18
\BOOKMARK [1][-]{section.2.2}{\376\377\000H\000o\000w\000\040\000D\000e\000l\000t\000a\000\040\000L\000a\000k\000e\000\040\000W\000o\000r\000k\000s}{chapter.2}% 19
\BOOKMARK [1][-]{section.2.3}{\376\377\000D\000e\000l\000t\000a\000\040\000L\000a\000k\000e\000\040\000A\000r\000c\000h\000i\000t\000e\000c\000t\000u\000r\000e\000\040\000D\000i\000a\000g\000r\000a\000m}{chapter.2}% 20
\BOOKMARK [1][-]{section.2.4}{\376\377\000K\000e\000y\000\040\000b\000e\000n\000e\000f\000i\000t\000s\000\040\000a\000n\000d\000\040\000f\000e\000a\000t\000u\000r\000e\000s\000\040\000o\000f\000\040\000D\000e\000l\000t\000a\000\040\000L\000a\000k\000e}{chapter.2}% 21
\BOOKMARK [1][-]{section.2.4}{\376\377\000C\000o\000n\000c\000l\000u\000s\000i\000o\000n}{chapter.2}% 22
\BOOKMARK [0][-]{chapter.3}{\376\377\040\023}{}% 23
\BOOKMARK [1][-]{section*.15}{\376\377\000I\000n\000t\000r\000o\000d\000u\000c\000t\000i\000o\000n}{chapter.3}% 24
\BOOKMARK [1][-]{section.3.1}{\376\377\000-}{chapter.3}% 25
\BOOKMARK [1][-]{section.3.2}{\376\377\000-}{chapter.3}% 26
\BOOKMARK [1][-]{algocf.1}{\376\377\000C\000o\000n\000c\000l\000u\000s\000i\000o\000n}{chapter.3}% 27
\BOOKMARK [0][-]{chapter*.17}{\376\377\000C\000o\000n\000c\000l\000u\000s\000i\000o\000n}{}% 28
\BOOKMARK [0][-]{chapter*.17}{\376\377\000B\000i\000b\000l\000i\000o\000g\000r\000a\000p\000h\000i\000e}{}% 29
\BOOKMARK [0][-]{chapter*.18}{\376\377\000B\000i\000b\000l\000i\000o\000g\000r\000a\000p\000h\000i\000e}{}% 30
