+miktex-latex.tpm:tpm/packages:
+pdflatex.ini:tex/latex/00miktex:
+latex.ini:tex/latex/00miktex:
+epstopdf-sys.cfg:tex/latex/00miktex:
+miktex-pdftex.tpm:tpm/packages:
+pdftex.ini:tex/plain/config:
+pdfetex.ini:tex/plain/config:
+pdftexconfig.tex.in:tex/generic/config:
+pdftex.cfg.template:pdftex/config:
+pdftex.cfg:pdftex/config:
+latin5.def:tex/latex/base:
+t1enc.sty:tex/latex/base:
+t1cmtt.fd:tex/latex/base:
+report.cls:tex/latex/base:
+exscale.sty:tex/latex/base:
+latexrelease.sty:tex/latex/base:
+cp852.def:tex/latex/base:
+utf8.def:tex/latex/base:
+inputenc.sty:tex/latex/base:
+article.sty:tex/latex/base:
+letter.sty:tex/latex/base:
+tulmdh.fd:tex/latex/base:
+omllcmm.fd:tex/latex/base:
+latin4.def:tex/latex/base:
+cp1252.def:tex/latex/base:
+ltxdoc.cls:tex/latex/base:
+ucmr.fd:tex/latex/base:
+latex209.def:tex/latex/base:
+latin1.def:tex/latex/base:
+ucmss.fd:tex/latex/base:
+showidx.sty:tex/latex/base:
+preload.ltx:tex/latex/base:
+slides.sty:tex/latex/base:
+omsenc.def:tex/latex/base:
+gind.ist:makeindex/latex:
+letter.cls:tex/latex/base:
+atveryend-ltx.sty:tex/latex/base:
+t2cenc.dfu:tex/latex/base:
+ltxdoc.cfg:tex/latex/base:
+ucmtt.fd:tex/latex/base:
+slides.cls:tex/latex/base:
+book.sty:tex/latex/base:
+book.cls:tex/latex/base:
+size12.clo:tex/latex/base:
+cp865.def:tex/latex/base:
+omlcmr.fd:tex/latex/base:
+t1cmdh.fd:tex/latex/base:
+preload.cfg:tex/latex/base:
+lppl.tex:tex/latex/base:
+cp437de.def:tex/latex/base:
+testpage.tex:tex/latex/base:
+shortvrb.sty:tex/latex/base:
+fontmath.cfg:tex/latex/base:
+docstrip.tex:tex/latex/base:
+decmulti.def:tex/latex/base:
+t1cmr.fd:tex/latex/base:
+leqno.clo:tex/latex/base:
+applemac.def:tex/latex/base:
+ot1lcmtt.fd:tex/latex/base:
+omscmr.fd:tex/latex/base:
+tuenc.def:tex/latex/base:
+bezier.sty:tex/latex/base:
+ltxbase.tpm:tpm/packages:
+newlfont.sty:tex/latex/base:
+hyphen.ltx:tex/latex/base:
+atbegshi-ltx.sty:tex/latex/base:
+latin10.def:tex/latex/base:
+doc-2016-02-15.sty:tex/latex/base:
+ansinew.def:tex/latex/base:
+t1cmfr.fd:tex/latex/base:
+ts1enc.dfu:tex/latex/base:
+latin2.def:tex/latex/base:
+x2enc.dfu:tex/latex/base:
+tulmtt.fd:tex/latex/base:
+doc-2021-06-01.sty:tex/latex/base:
+alltt.sty:tex/latex/base:
+small2e.tex:tex/latex/base:
+next.def:tex/latex/base:
+ts1cmss.fd:tex/latex/base:
+article.cls:tex/latex/base:
+fleqn.sty:tex/latex/base:
+cp1250.def:tex/latex/base:
+size10.clo:tex/latex/base:
+lablst.tex:tex/latex/base:
+graphpap.sty:tex/latex/base:
+t1lcmss.fd:tex/latex/base:
+proc.sty:tex/latex/base:
+latexsym.sty:tex/latex/base:
+openbib.sty:tex/latex/base:
+doc.sty:tex/latex/base:
+ot1enc.dfu:tex/latex/base:
+t1enc.dfu:tex/latex/base:
+source2edoc.cls:tex/latex/base:
+tulmr.fd:tex/latex/base:
+cp850.def:tex/latex/base:
+omlenc.def:tex/latex/base:
+cp858.def:tex/latex/base:
+leqno.sty:tex/latex/base:
+ot1cmr.fd:tex/latex/base:
+fltrace.sty:tex/latex/base:
+tulmss.fd:tex/latex/base:
+flafter.sty:tex/latex/base:
+ot1cmdh.fd:tex/latex/base:
+proc.cls:tex/latex/base:
+t1enc.def:tex/latex/base:
+omlcmm.fd:tex/latex/base:
+ot2enc.dfu:tex/latex/base:
+omscmsy.fd:tex/latex/base:
+cp437.def:tex/latex/base:
+fontenc.sty:tex/latex/base:
+minimal.cls:tex/latex/base:
+bk11.clo:tex/latex/base:
+gglo.ist:makeindex/latex:
+ot1enc.def:tex/latex/base:
+ot1cmvtt.fd:tex/latex/base:
+sample2e.tex:tex/latex/base:
+fonttext.cfg:tex/latex/base:
+cp1257.def:tex/latex/base:
+fontmath.ltx:tex/latex/base:
+fonttext.ltx:tex/latex/base:
+tulmvtt.fd:tex/latex/base:
+fixltx2e.sty:tex/latex/base:
+omslcmsy.fd:tex/latex/base:
+ifthen.sty:tex/latex/base:
+ltxcheck.tex:tex/latex/base:
+slides.def:tex/latex/base:
+idx.tex:tex/latex/base:
+size11.clo:tex/latex/base:
+makeidx.sty:tex/latex/base:
+ot1cmfib.fd:tex/latex/base:
+latin9.def:tex/latex/base:
+ot1cmtt.fd:tex/latex/base:
+t1cmvtt.fd:tex/latex/base:
+bk10.clo:tex/latex/base:
+sfonts.def:tex/latex/base:
+latin3.def:tex/latex/base:
+syntonly.sty:tex/latex/base:
+t2aenc.dfu:tex/latex/base:
+ltluatex.lua:tex/latex/base:
+omsenc.dfu:tex/latex/base:
+omxcmex.fd:tex/latex/base:
+nfssfont.tex:tex/latex/base:
+fix-cm.sty:tex/latex/base:
+ullasy.fd:tex/latex/base:
+texsys.cfg:tex/latex/base:
+t1cmfib.fd:tex/latex/base:
+ot1cmfr.fd:tex/latex/base:
+textcomp-2018-08-11.sty:tex/latex/base:
+ts1cmtt.fd:tex/latex/base:
+ot1lcmss.fd:tex/latex/base:
+ascii.def:tex/latex/base:
+report.sty:tex/latex/base:
+ulasy.fd:tex/latex/base:
+ltnews.cls:tex/latex/base:
+ltxguide.cls:tex/latex/base:
+t2benc.dfu:tex/latex/base:
+ltluatex.tex:tex/latex/base:
+t1cmss.fd:tex/latex/base:
+textcomp.sty:tex/latex/base:
+utf8-2018.def:tex/latex/base:
+ts1cmvtt.fd:tex/latex/base:
+tulmssq.fd:tex/latex/base:
+utf8enc.dfu:tex/latex/base:
+ot1cmss.fd:tex/latex/base:
+ts1enc.def:tex/latex/base:
+ot4enc.def:tex/latex/base:
+lcyenc.dfu:tex/latex/base:
+latex.ltx:tex/latex/base:
+macce.def:tex/latex/base:
+structuredlog.sty:tex/latex/base:
+ly1enc.dfu:tex/latex/base:
+t1lcmtt.fd:tex/latex/base:
+tracefnt.sty:tex/latex/base:
+omxlcmex.fd:tex/latex/base:
+fleqn.clo:tex/latex/base:
+bk12.clo:tex/latex/base:
+ts1cmr.fd:tex/latex/base:
+oldlfont.sty:tex/latex/base:
+l3str-enc-iso88594.def:tex/latex/l3kernel:
+expl3.lua:tex/latex/l3kernel:
+l3str-enc-iso88598.def:tex/latex/l3kernel:
+l3str-enc-iso88597.def:tex/latex/l3kernel:
+l3str-enc-iso885911.def:tex/latex/l3kernel:
+expl3.sty:tex/latex/l3kernel:
+l3str-enc-iso885913.def:tex/latex/l3kernel:
+l3str-enc-iso88591.def:tex/latex/l3kernel:
+l3str-enc-iso88592.def:tex/latex/l3kernel:
+l3debug.def:tex/latex/l3kernel:
+l3str-enc-iso885910.def:tex/latex/l3kernel:
+expl3.ltx:tex/latex/l3kernel:
+expl3-generic.tex:tex/latex/l3kernel:
+l3str-enc-iso88599.def:tex/latex/l3kernel:
+l3doc.cls:tex/latex/l3kernel:
+l3str-enc-iso885915.def:tex/latex/l3kernel:
+l3str-enc-iso88596.def:tex/latex/l3kernel:
+l3docstrip.tex:tex/latex/l3kernel:
+l3str-enc-iso885916.def:tex/latex/l3kernel:
+expl3-code.tex:tex/latex/l3kernel:
+l3str-enc-iso88595.def:tex/latex/l3kernel:
+l3str-enc-iso885914.def:tex/latex/l3kernel:
+l3str-enc-iso88593.def:tex/latex/l3kernel:
+l3kernel.tpm:tpm/packages:
