2023-05-04 09:41:47,135Z INFO  miktex-makefmt - this process (12) started by 'initexmf' with command line: miktex-makefmt --engine=pdftex --dest-name=pdflatex --no-dump pdflatex.ini --engine-option=-tcx=cp227.tcx --enable-installer --miktex-disable-maintenance --miktex-disable-diagnose
2023-05-04 09:41:47,137Z WARN  miktex-makefmt - security risk: running with elevated privileges
2023-05-04 09:41:47,180Z INFO  miktex-makefmt - installing package miktex-latex triggered by tex/latex/00miktex/pdflatex.ini
2023-05-04 09:41:47,187Z INFO  miktex-makefmt.packagemanager - going to download https://api2.miktex.org/hello
2023-05-04 09:41:47,595Z INFO  miktex-makefmt.packagemanager - going to download https://api2.miktex.org/repositories?&releaseState=Stable&orderBy=ranking&take=1&onlySecure=true
2023-05-04 09:41:47,665Z INFO  miktex-makefmt - mpm: starting package maintenance...
2023-05-04 09:41:47,666Z INFO  miktex-makefmt - mpm: installation directory: /miktex/.miktex/texmfs/install
2023-05-04 09:41:47,667Z INFO  miktex-makefmt - mpm: package repository: https://mirror.marwan.ma/ctan/systems/win32/miktex/tm/packages/
2023-05-04 09:41:54,881Z INFO  miktex-makefmt - mpm: visiting repository https://mirror.marwan.ma/ctan/systems/win32/miktex/tm/packages/...
2023-05-04 09:41:54,882Z INFO  miktex-makefmt - mpm: repository type: remote package repository
2023-05-04 09:41:54,893Z INFO  miktex-makefmt - mpm: loading package repository manifest...
2023-05-04 09:41:54,893Z INFO  miktex-makefmt - mpm: downloading https://mirror.marwan.ma/ctan/systems/win32/miktex/tm/packages/miktex-zzdb1-2.9.tar.lzma...
2023-05-04 09:41:54,921Z INFO  miktex-makefmt.packagemanager - going to download https://mirror.marwan.ma/ctan/systems/win32/miktex/tm/packages/miktex-zzdb1-2.9.tar.lzma
2023-05-04 09:41:55,602Z INFO  miktex-makefmt - mpm: 0.32 MB, 212.46 Mbit/s
2023-05-04 09:41:55,935Z INFO  miktex-makefmt - mpm: package repository digest: 010db613f602f857e3207ae2aa49768c
2023-05-04 09:41:55,935Z INFO  miktex-makefmt - mpm: going to download 1262 bytes
2023-05-04 09:41:55,936Z INFO  miktex-makefmt - mpm: going to install 4 file(s) (1 package(s))
2023-05-04 09:41:55,943Z INFO  miktex-makefmt.packagemanager - installing package miktex-latex
2023-05-04 09:41:55,944Z INFO  miktex-makefmt - mpm: downloading https://mirror.marwan.ma/ctan/systems/win32/miktex/tm/packages/miktex-latex.tar.lzma...
2023-05-04 09:41:55,945Z INFO  miktex-makefmt.packagemanager - going to download https://mirror.marwan.ma/ctan/systems/win32/miktex/tm/packages/miktex-latex.tar.lzma
2023-05-04 09:41:56,049Z INFO  miktex-makefmt - mpm: 0.00 MB, 30.78 Mbit/s
2023-05-04 09:41:56,049Z INFO  miktex-makefmt - mpm: extracting files from miktex-latex.tar.lzma...
2023-05-04 09:41:56,410Z INFO  miktex-makefmt.core - forking...
2023-05-04 09:41:56,412Z INFO  miktex-makefmt.core - execv: "/usr/bin/initexmf", [ "initexmf", "--mkmaps" ]
2023-05-04 09:42:35,310Z INFO  makefmt - found input file: /miktex/.miktex/texmfs/install/tex/latex/00miktex/pdflatex.ini
2023-05-04 09:42:35,321Z INFO  makefmt - Creating the pdflatex format file...
2023-05-04 09:42:35,724Z INFO  miktex-makefmt - installing package miktex-pdftex triggered by pdftex/config/pdftex.cfg
2023-05-04 09:42:35,725Z INFO  miktex-makefmt.packagemanager - going to download https://api2.miktex.org/repositories/976aefacac0cd257b723690eca476fde
2023-05-04 09:42:36,012Z INFO  miktex-makefmt - mpm: starting package maintenance...
2023-05-04 09:42:36,013Z INFO  miktex-makefmt - mpm: installation directory: /miktex/.miktex/texmfs/install
2023-05-04 09:42:36,013Z INFO  miktex-makefmt - mpm: package repository: https://mirror.marwan.ma/ctan/systems/win32/miktex/tm/packages/
2023-05-04 09:42:36,180Z INFO  miktex-makefmt - mpm: package repository digest: 010db613f602f857e3207ae2aa49768c
2023-05-04 09:42:36,180Z INFO  miktex-makefmt - mpm: going to download 1683 bytes
2023-05-04 09:42:36,181Z INFO  miktex-makefmt - mpm: going to install 6 file(s) (1 package(s))
2023-05-04 09:42:36,192Z INFO  miktex-makefmt.packagemanager - installing package miktex-pdftex
2023-05-04 09:42:36,192Z INFO  miktex-makefmt - mpm: downloading https://mirror.marwan.ma/ctan/systems/win32/miktex/tm/packages/miktex-pdftex.tar.lzma...
2023-05-04 09:42:36,192Z INFO  miktex-makefmt.packagemanager - going to download https://mirror.marwan.ma/ctan/systems/win32/miktex/tm/packages/miktex-pdftex.tar.lzma
2023-05-04 09:42:36,262Z INFO  miktex-makefmt - mpm: 0.00 MB, 58.03 Mbit/s
2023-05-04 09:42:36,262Z INFO  miktex-makefmt - mpm: extracting files from miktex-pdftex.tar.lzma...
2023-05-04 09:42:36,711Z INFO  miktex-makefmt.core - forking...
2023-05-04 09:42:36,713Z INFO  miktex-makefmt.core - execv: "/usr/bin/initexmf", [ "initexmf", "--mkmaps" ]
2023-05-04 09:43:11,286Z INFO  makefmt - Running miktex-pdftex...
2023-05-04 09:43:11,287Z INFO  makefmt - running: miktex-pdftex --miktex-enable-installer --miktex-disable-maintenance --miktex-disable-diagnose --initialize --interaction=nonstopmode --halt-on-error --alias=pdflatex --job-name=pdflatex -tcx=cp227.tcx --enable-etex pdflatex.ini
2023-05-04 09:43:11,290Z INFO  miktex-makefmt.core - forking...
2023-05-04 09:43:11,292Z INFO  miktex-makefmt.core - execv: "/usr/bin/miktex-pdftex", [ "miktex-pdftex", "--miktex-enable-installer", "--miktex-disable-maintenance", "--miktex-disable-diagnose", "--initialize", "--interaction=nonstopmode", "--halt-on-error", "--alias=pdflatex", "--job-name=pdflatex", "-tcx=cp227.tcx", "--enable-etex", "pdflatex.ini" ]
