2023-05-04 09:41:25,986Z INFO  mkfntmap - this process (9) started by 'initexmf' with command line: mkfntmap --enable-installer --miktex-disable-maintenance --miktex-disable-diagnose
2023-05-04 09:41:25,988Z WARN  mkfntmap - security risk: running with elevated privileges
2023-05-04 09:41:25,995Z INFO  mkfntmap - Parsing config file /usr/local/share/miktex-texmf/miktex/config/updmap.cfg...
2023-05-04 09:41:37,023Z INFO  mkfntmap - Writing /miktex/.miktex/texmfs/data/dvips/config/ps2pk.map...
2023-05-04 09:41:37,224Z INFO  mkfntmap - Writing /miktex/.miktex/texmfs/data/dvips/config/download35.map...
2023-05-04 09:41:37,357Z INFO  mkfntmap - Writing /miktex/.miktex/texmfs/data/dvips/config/builtin35.map...
2023-05-04 09:41:37,482Z INFO  mkfntmap - Writing /miktex/.miktex/texmfs/data/dvips/config/psfonts_t1.map...
2023-05-04 09:41:37,658Z INFO  mkfntmap - Writing /miktex/.miktex/texmfs/data/dvips/config/psfonts_pk.map...
2023-05-04 09:41:37,773Z INFO  mkfntmap - Writing /miktex/.miktex/texmfs/data/pdftex/config/pdftex_ndl14.map...
2023-05-04 09:41:37,957Z INFO  mkfntmap - Writing /miktex/.miktex/texmfs/data/pdftex/config/pdftex_dl14.map...
2023-05-04 09:41:38,102Z INFO  mkfntmap - Writing /miktex/.miktex/texmfs/data/dvipdfm/config/dvipdfm_dl14.map...
2023-05-04 09:41:38,248Z INFO  mkfntmap - Writing /miktex/.miktex/texmfs/data/dvipdfm/config/dvipdfm_ndl14.map...
2023-05-04 09:41:38,388Z INFO  mkfntmap - Copying /miktex/.miktex/texmfs/data/dvips/config/psfonts_t1.map
2023-05-04 09:41:38,388Z INFO  mkfntmap -      to /miktex/.miktex/texmfs/data/dvips/config/psfonts.map...
2023-05-04 09:41:38,407Z INFO  mkfntmap - Copying /miktex/.miktex/texmfs/data/dvipdfm/config/dvipdfm_dl14.map
2023-05-04 09:41:38,407Z INFO  mkfntmap -      to /miktex/.miktex/texmfs/data/dvipdfm/config/dvipdfm.map...
2023-05-04 09:41:38,426Z INFO  mkfntmap - Copying /miktex/.miktex/texmfs/data/pdftex/config/pdftex_dl14.map
2023-05-04 09:41:38,427Z INFO  mkfntmap -      to /miktex/.miktex/texmfs/data/pdftex/config/pdftex.map...
2023-05-04 09:41:38,465Z INFO  mkfntmap - running: fc-cache
2023-05-04 09:41:38,493Z INFO  mkfntmap.core - forking...
2023-05-04 09:41:38,495Z INFO  mkfntmap.core - execv: "/usr/bin/fc-cache", [ "fc-cache" ]
2023-05-04 09:41:38,507Z INFO  mkfntmap - this process (9) finishes with exit code 0
2023-05-04 09:42:05,742Z INFO  mkfntmap - this process (18) started by 'initexmf' with command line: mkfntmap --enable-installer --miktex-disable-maintenance --miktex-disable-diagnose
2023-05-04 09:42:05,746Z WARN  mkfntmap - security risk: running with elevated privileges
2023-05-04 09:42:05,766Z INFO  mkfntmap - Parsing config file /usr/local/share/miktex-texmf/miktex/config/updmap.cfg...
2023-05-04 09:42:34,024Z INFO  mkfntmap - Writing /miktex/.miktex/texmfs/data/dvips/config/ps2pk.map...
2023-05-04 09:42:34,143Z INFO  mkfntmap - Writing /miktex/.miktex/texmfs/data/dvips/config/download35.map...
2023-05-04 09:42:34,224Z INFO  mkfntmap - Writing /miktex/.miktex/texmfs/data/dvips/config/builtin35.map...
2023-05-04 09:42:34,303Z INFO  mkfntmap - Writing /miktex/.miktex/texmfs/data/dvips/config/psfonts_t1.map...
2023-05-04 09:42:34,427Z INFO  mkfntmap - Writing /miktex/.miktex/texmfs/data/dvips/config/psfonts_pk.map...
2023-05-04 09:42:34,551Z INFO  mkfntmap - Writing /miktex/.miktex/texmfs/data/pdftex/config/pdftex_ndl14.map...
2023-05-04 09:42:34,716Z INFO  mkfntmap - Writing /miktex/.miktex/texmfs/data/pdftex/config/pdftex_dl14.map...
2023-05-04 09:42:34,867Z INFO  mkfntmap - Writing /miktex/.miktex/texmfs/data/dvipdfm/config/dvipdfm_dl14.map...
2023-05-04 09:42:35,029Z INFO  mkfntmap - Writing /miktex/.miktex/texmfs/data/dvipdfm/config/dvipdfm_ndl14.map...
2023-05-04 09:42:35,167Z INFO  mkfntmap - Copying /miktex/.miktex/texmfs/data/dvips/config/psfonts_t1.map
2023-05-04 09:42:35,168Z INFO  mkfntmap -      to /miktex/.miktex/texmfs/data/dvips/config/psfonts.map...
2023-05-04 09:42:35,186Z INFO  mkfntmap - Copying /miktex/.miktex/texmfs/data/dvipdfm/config/dvipdfm_dl14.map
2023-05-04 09:42:35,187Z INFO  mkfntmap -      to /miktex/.miktex/texmfs/data/dvipdfm/config/dvipdfm.map...
2023-05-04 09:42:35,206Z INFO  mkfntmap - Copying /miktex/.miktex/texmfs/data/pdftex/config/pdftex_dl14.map
2023-05-04 09:42:35,207Z INFO  mkfntmap -      to /miktex/.miktex/texmfs/data/pdftex/config/pdftex.map...
2023-05-04 09:42:35,243Z INFO  mkfntmap - running: fc-cache
2023-05-04 09:42:35,272Z INFO  mkfntmap.core - forking...
2023-05-04 09:42:35,274Z INFO  mkfntmap.core - execv: "/usr/bin/fc-cache", [ "fc-cache" ]
2023-05-04 09:42:35,283Z INFO  mkfntmap - this process (18) finishes with exit code 0
2023-05-04 09:42:45,579Z INFO  mkfntmap - this process (23) started by 'initexmf' with command line: mkfntmap --enable-installer --miktex-disable-maintenance --miktex-disable-diagnose
2023-05-04 09:42:45,581Z WARN  mkfntmap - security risk: running with elevated privileges
2023-05-04 09:42:45,596Z INFO  mkfntmap - Parsing config file /usr/local/share/miktex-texmf/miktex/config/updmap.cfg...
2023-05-04 09:43:10,148Z INFO  mkfntmap - Writing /miktex/.miktex/texmfs/data/dvips/config/ps2pk.map...
2023-05-04 09:43:10,297Z INFO  mkfntmap - Writing /miktex/.miktex/texmfs/data/dvips/config/download35.map...
2023-05-04 09:43:10,359Z INFO  mkfntmap - Writing /miktex/.miktex/texmfs/data/dvips/config/builtin35.map...
2023-05-04 09:43:10,434Z INFO  mkfntmap - Writing /miktex/.miktex/texmfs/data/dvips/config/psfonts_t1.map...
2023-05-04 09:43:10,535Z INFO  mkfntmap - Writing /miktex/.miktex/texmfs/data/dvips/config/psfonts_pk.map...
2023-05-04 09:43:10,596Z INFO  mkfntmap - Writing /miktex/.miktex/texmfs/data/pdftex/config/pdftex_ndl14.map...
2023-05-04 09:43:10,700Z INFO  mkfntmap - Writing /miktex/.miktex/texmfs/data/pdftex/config/pdftex_dl14.map...
2023-05-04 09:43:10,827Z INFO  mkfntmap - Writing /miktex/.miktex/texmfs/data/dvipdfm/config/dvipdfm_dl14.map...
2023-05-04 09:43:10,969Z INFO  mkfntmap - Writing /miktex/.miktex/texmfs/data/dvipdfm/config/dvipdfm_ndl14.map...
2023-05-04 09:43:11,063Z INFO  mkfntmap - Copying /miktex/.miktex/texmfs/data/dvips/config/psfonts_t1.map
2023-05-04 09:43:11,064Z INFO  mkfntmap -      to /miktex/.miktex/texmfs/data/dvips/config/psfonts.map...
2023-05-04 09:43:11,073Z INFO  mkfntmap - Copying /miktex/.miktex/texmfs/data/dvipdfm/config/dvipdfm_dl14.map
2023-05-04 09:43:11,073Z INFO  mkfntmap -      to /miktex/.miktex/texmfs/data/dvipdfm/config/dvipdfm.map...
2023-05-04 09:43:11,083Z INFO  mkfntmap - Copying /miktex/.miktex/texmfs/data/pdftex/config/pdftex_dl14.map
2023-05-04 09:43:11,083Z INFO  mkfntmap -      to /miktex/.miktex/texmfs/data/pdftex/config/pdftex.map...
2023-05-04 09:43:11,108Z INFO  mkfntmap - running: fc-cache
2023-05-04 09:43:11,137Z INFO  mkfntmap.core - forking...
2023-05-04 09:43:11,139Z INFO  mkfntmap.core - execv: "/usr/bin/fc-cache", [ "fc-cache" ]
2023-05-04 09:43:11,150Z INFO  mkfntmap - this process (23) finishes with exit code 0
2023-05-04 09:43:29,928Z INFO  mkfntmap - this process (30) started by 'initexmf' with command line: mkfntmap --enable-installer --miktex-disable-maintenance --miktex-disable-diagnose
2023-05-04 09:43:29,930Z WARN  mkfntmap - security risk: running with elevated privileges
2023-05-04 09:43:29,944Z INFO  mkfntmap - Parsing config file /usr/local/share/miktex-texmf/miktex/config/updmap.cfg...
2023-05-04 09:44:01,621Z INFO  mkfntmap - Writing /miktex/.miktex/texmfs/data/dvips/config/ps2pk.map...
2023-05-04 09:44:01,728Z INFO  mkfntmap - Writing /miktex/.miktex/texmfs/data/dvips/config/download35.map...
2023-05-04 09:44:01,794Z INFO  mkfntmap - Writing /miktex/.miktex/texmfs/data/dvips/config/builtin35.map...
2023-05-04 09:44:01,858Z INFO  mkfntmap - Writing /miktex/.miktex/texmfs/data/dvips/config/psfonts_t1.map...
2023-05-04 09:44:01,974Z INFO  mkfntmap - Writing /miktex/.miktex/texmfs/data/dvips/config/psfonts_pk.map...
2023-05-04 09:44:02,033Z INFO  mkfntmap - Writing /miktex/.miktex/texmfs/data/pdftex/config/pdftex_ndl14.map...
2023-05-04 09:44:02,135Z INFO  mkfntmap - Writing /miktex/.miktex/texmfs/data/pdftex/config/pdftex_dl14.map...
2023-05-04 09:44:02,234Z INFO  mkfntmap - Writing /miktex/.miktex/texmfs/data/dvipdfm/config/dvipdfm_dl14.map...
2023-05-04 09:44:02,333Z INFO  mkfntmap - Writing /miktex/.miktex/texmfs/data/dvipdfm/config/dvipdfm_ndl14.map...
2023-05-04 09:44:02,445Z INFO  mkfntmap - Copying /miktex/.miktex/texmfs/data/dvips/config/psfonts_t1.map
2023-05-04 09:44:02,445Z INFO  mkfntmap -      to /miktex/.miktex/texmfs/data/dvips/config/psfonts.map...
2023-05-04 09:44:02,456Z INFO  mkfntmap - Copying /miktex/.miktex/texmfs/data/dvipdfm/config/dvipdfm_dl14.map
2023-05-04 09:44:02,456Z INFO  mkfntmap -      to /miktex/.miktex/texmfs/data/dvipdfm/config/dvipdfm.map...
2023-05-04 09:44:02,466Z INFO  mkfntmap - Copying /miktex/.miktex/texmfs/data/pdftex/config/pdftex_dl14.map
2023-05-04 09:44:02,467Z INFO  mkfntmap -      to /miktex/.miktex/texmfs/data/pdftex/config/pdftex.map...
2023-05-04 09:44:02,497Z INFO  mkfntmap - running: fc-cache
2023-05-04 09:44:02,524Z INFO  mkfntmap.core - forking...
2023-05-04 09:44:02,526Z INFO  mkfntmap.core - execv: "/usr/bin/fc-cache", [ "fc-cache" ]
2023-05-04 09:44:02,533Z INFO  mkfntmap - this process (30) finishes with exit code 0
